First and Last Name	SSN	Credit Card Number
		Visa MC AMEX
Robert Aragon	489-36-8350	4929-3813-3266-4295
Ashley Borden	514-14-8905	5370-4638-8881-3020
Thomas Conley	690-05-5315	4916-4811-5814-8111
Susan Davis	421-37-1396	4916-4034-9269-8783
Christopher Diaz	458-02-6124	5299-1561-5689-1938
Rick Edwards	612-20-6832	5293-8502-0071-3058
Victor Faulkner	300-62-3266	5548-0246-6336-5664
Lisa Garrison	660-03-8360	4539-5385-7425-5825
Marjorie Green	213-46-8915	4916-9766-5240-6147
Mark Hall	449-48-3135	4556-0072-1294-7415
James Heard	559-81-1301	4532-4220-6922-9909
Albert Iorio	322-84-2281	4916-6734-7572-5015
Charles Jackson	646-44-9061	5218-0144-2703-9266
Teresa Kaminski	465-73-5022	5399-0706-4128-0178
First and Last Name	SSN	Credit Card Number
		Visa MC AMEX
Robert Aragon	489-36-8350	4929-3813-3266-4295
Ashley Borden	514-14-8905	5370-4638-8881-3020
Thomas Conley	690-05-5315	4916-4811-5814-8111
Susan Davis	421-37-1396	4916-4034-9269-8783
Christopher Diaz	458-02-6124	5299-1561-5689-1938
Rick Edwards	612-20-6832	5293-8502-0071-3058
Victor Faulkner	300-62-3266	5548-0246-6336-5664
Lisa Garrison	660-03-8360	4539-5385-7425-5825
Marjorie Green	213-46-8915	4916-9766-5240-6147
Mark Hall	449-48-3135	4556-0072-1294-7415
James Heard	559-81-1301	4532-4220-6922-9909
Albert Iorio	322-84-2281	4916-6734-7572-5015
Charles Jackson	646-44-9061	5218-0144-2703-9266
Teresa Kaminski	465-73-5022	5399-0706-4128-0178
First and Last Name	SSN	Credit Card Number
		Visa MC AMEX
Robert Aragon	489-36-8350	4929-3813-3266-4295
Ashley Borden	514-14-8905	5370-4638-8881-3020
Thomas Conley	690-05-5315	4916-4811-5814-8111
Susan Davis	421-37-1396	4916-4034-9269-8783
Christopher Diaz	458-02-6124	5299-1561-5689-1938
Rick Edwards	612-20-6832	5293-8502-0071-3058
Victor Faulkner	300-62-3266	5548-0246-6336-5664
Lisa Garrison	660-03-8360	4539-5385-7425-5825
Marjorie Green	213-46-8915	4916-9766-5240-6147
Mark Hall	449-48-3135	4556-0072-1294-7415
James Heard	559-81-1301	4532-4220-6922-9909
Albert Iorio	322-84-2281	4916-6734-7572-5015
Charles Jackson	646-44-9061	5218-0144-2703-9266
Teresa Kaminski	465-73-5022	5399-0706-4128-0178
First and Last Name	SSN	Credit Card Number
		Visa MC AMEX
Robert Aragon	489-36-8350	4929-3813-3266-4295
Ashley Borden	514-14-8905	5370-4638-8881-3020
Thomas Conley	690-05-5315	4916-4811-5814-8111
Susan Davis	421-37-1396	4916-4034-9269-8783
Christopher Diaz	458-02-6124	5299-1561-5689-1938
Rick Edwards	612-20-6832	5293-8502-0071-3058
Victor Faulkner	300-62-3266	5548-0246-6336-5664
Lisa Garrison	660-03-8360	4539-5385-7425-5825
Marjorie Green	213-46-8915	4916-9766-5240-6147
Mark Hall	449-48-3135	4556-0072-1294-7415
James Heard	559-81-1301	4532-4220-6922-9909
Albert Iorio	322-84-2281	4916-6734-7572-5015
Charles Jackson	646-44-9061	5218-0144-2703-9266
Teresa Kaminski	465-73-5022	5399-0706-4128-0178
First and Last Name	SSN	Credit Card Number
		Visa MC AMEX
Robert Aragon	489-36-8350	4929-3813-3266-4295
Ashley Borden	514-14-8905	5370-4638-8881-3020
Thomas Conley	690-05-5315	4916-4811-5814-8111
Susan Davis	421-37-1396	4916-4034-9269-8783
Christopher Diaz	458-02-6124	5299-1561-5689-1938
Rick Edwards	612-20-6832	5293-8502-0071-3058
Victor Faulkner	300-62-3266	5548-0246-6336-5664
Lisa Garrison	660-03-8360	4539-5385-7425-5825
Marjorie Green	213-46-8915	4916-9766-5240-6147
Mark Hall	449-48-3135	4556-0072-1294-7415
James Heard	559-81-1301	4532-4220-6922-9909
Albert Iorio	322-84-2281	4916-6734-7572-5015
Charles Jackson	646-44-9061	5218-0144-2703-9266
Teresa Kaminski	465-73-5022	5399-0706-4128-0178
